TN:
SF:src/identity-managment-subdomain/application/middlewares/registerUserMiddleware.ts
FN:10,(anonymous_4)
FN:13,(anonymous_5)
FN:19,(anonymous_6)
FNF:3
FNH:3
FNDA:1,(anonymous_4)
FNDA:1,(anonymous_5)
FNDA:2,(anonymous_6)
DA:1,1
DA:6,1
DA:7,1
DA:8,1
DA:10,2
DA:16,1
DA:19,1
DA:20,2
DA:22,2
DA:23,1
DA:25,1
DA:28,1
LF:12
LH:12
BRF:0
BRH:0
end_of_record
TN:
SF:src/identity-managment-subdomain/application/sanitizers/RegisterUserSanitizer.ts
FN:9,(anonymous_2)
FN:10,(anonymous_4)
FN:15,(anonymous_5)
FN:17,(anonymous_6)
FNF:4
FNH:4
FNDA:2,(anonymous_2)
FNDA:2,(anonymous_4)
FNDA:6,(anonymous_5)
FNDA:22,(anonymous_6)
DA:1,1
DA:4,1
DA:6,1
DA:9,2
DA:10,1
DA:11,2
DA:12,2
DA:16,6
DA:17,6
DA:18,22
DA:19,4
DA:21,18
DA:25,1
LF:13
LH:13
BRDA:18,0,0,4
BRDA:18,0,1,18
BRF:2
BRH:2
end_of_record
TN:
SF:src/identity-managment-subdomain/application/validators/request-body-validators/RegisterUserRequestBodyValidator.ts
FN:21,(anonymous_2)
FN:23,(anonymous_3)
FN:32,(anonymous_4)
FN:38,(anonymous_5)
FN:45,(anonymous_6)
FN:51,(anonymous_7)
FN:57,(anonymous_8)
FN:64,(anonymous_9)
FN:68,(anonymous_10)
FN:72,(anonymous_11)
FN:76,(anonymous_12)
FN:81,(anonymous_13)
FNF:12
FNH:12
FNDA:1,(anonymous_2)
FNDA:15,(anonymous_3)
FNDA:15,(anonymous_4)
FNDA:13,(anonymous_5)
FNDA:8,(anonymous_6)
FNDA:6,(anonymous_7)
FNDA:4,(anonymous_8)
FNDA:13,(anonymous_9)
FNDA:12,(anonymous_10)
FNDA:11,(anonymous_11)
FNDA:10,(anonymous_12)
FNDA:2,(anonymous_13)
DA:1,1
DA:6,1
DA:7,1
DA:8,1
DA:9,1
DA:10,1
DA:11,1
DA:12,1
DA:13,1
DA:14,1
DA:15,1
DA:16,1
DA:17,1
DA:18,1
DA:21,2
DA:24,15
DA:33,15
DA:34,14
DA:35,13
DA:39,13
DA:46,8
DA:47,7
DA:48,6
DA:52,6
DA:53,5
DA:54,4
DA:58,4
DA:59,3
DA:60,2
DA:61,1
DA:65,13
DA:66,12
DA:69,12
DA:70,11
DA:73,11
DA:74,10
DA:77,10
DA:78,9
DA:79,8
DA:82,2
DA:84,1
LF:41
LH:41
BRDA:24,0,0,15
BRDA:24,0,1,13
BRDA:24,0,2,8
BRDA:24,0,3,6
BRDA:24,0,4,4
BRDA:33,1,0,1
BRDA:33,1,1,14
BRDA:34,2,0,1
BRDA:34,2,1,13
BRDA:39,3,0,13
BRDA:39,3,1,12
BRDA:39,3,2,11
BRDA:39,3,3,10
BRDA:46,4,0,1
BRDA:46,4,1,7
BRDA:47,5,0,1
BRDA:47,5,1,6
BRDA:52,6,0,1
BRDA:52,6,1,5
BRDA:53,7,0,1
BRDA:53,7,1,4
BRDA:58,8,0,1
BRDA:58,8,1,3
BRDA:59,9,0,1
BRDA:59,9,1,2
BRDA:60,10,0,1
BRDA:60,10,1,1
BRDA:65,11,0,1
BRDA:65,11,1,12
BRDA:69,12,0,1
BRDA:69,12,1,11
BRDA:73,13,0,1
BRDA:73,13,1,10
BRDA:77,14,0,1
BRDA:77,14,1,9
BRDA:78,15,0,1
BRDA:78,15,1,8
BRDA:82,16,0,1
BRDA:82,16,1,1
BRF:39
BRH:39
end_of_record
TN:
SF:src/identity-managment-subdomain/domain/user.entity.ts
FN:17,(anonymous_0)
FN:26,(anonymous_1)
FN:36,(anonymous_2)
FN:41,(anonymous_3)
FN:46,(anonymous_4)
FN:51,(anonymous_5)
FN:56,(anonymous_6)
FN:61,(anonymous_7)
FN:65,(anonymous_8)
FN:69,(anonymous_9)
FN:73,(anonymous_10)
FN:77,(anonymous_11)
FN:81,(anonymous_12)
FN:92,(anonymous_13)
FN:94,(anonymous_14)
FN:99,(anonymous_15)
FN:104,(anonymous_16)
FN:109,(anonymous_17)
FN:114,(anonymous_18)
FN:119,(anonymous_19)
FN:124,(anonymous_20)
FN:128,(anonymous_21)
FN:132,(anonymous_22)
FN:136,(anonymous_23)
FN:140,(anonymous_24)
FN:144,(anonymous_25)
FN:148,(anonymous_26)
FNF:27
FNH:17
FNDA:2,(anonymous_0)
FNDA:2,(anonymous_1)
FNDA:0,(anonymous_2)
FNDA:0,(anonymous_3)
FNDA:0,(anonymous_4)
FNDA:0,(anonymous_5)
FNDA:0,(anonymous_6)
FNDA:0,(anonymous_7)
FNDA:0,(anonymous_8)
FNDA:0,(anonymous_9)
FNDA:0,(anonymous_10)
FNDA:1,(anonymous_11)
FNDA:0,(anonymous_12)
FNDA:2,(anonymous_13)
FNDA:2,(anonymous_14)
FNDA:1,(anonymous_15)
FNDA:2,(anonymous_16)
FNDA:1,(anonymous_17)
FNDA:2,(anonymous_18)
FNDA:2,(anonymous_19)
FNDA:2,(anonymous_20)
FNDA:2,(anonymous_21)
FNDA:2,(anonymous_22)
FNDA:2,(anonymous_23)
FNDA:2,(anonymous_24)
FNDA:2,(anonymous_25)
FNDA:2,(anonymous_26)
DA:1,2
DA:3,2
DA:4,2
DA:5,2
DA:6,2
DA:7,2
DA:8,2
DA:9,2
DA:10,2
DA:11,2
DA:12,2
DA:13,2
DA:14,2
DA:17,2
DA:27,2
DA:28,2
DA:29,2
DA:30,2
DA:31,2
DA:32,2
DA:33,2
DA:37,0
DA:38,0
DA:42,0
DA:43,0
DA:47,0
DA:48,0
DA:52,0
DA:53,0
DA:57,0
DA:58,0
DA:62,0
DA:66,0
DA:70,0
DA:74,0
DA:78,1
DA:82,0
DA:85,2
DA:95,2
DA:96,2
DA:100,1
DA:101,1
DA:105,2
DA:106,2
DA:110,1
DA:111,1
DA:115,2
DA:116,2
DA:120,2
DA:121,2
DA:125,2
DA:129,2
DA:133,2
DA:137,2
DA:141,2
DA:145,2
DA:149,2
DA:153,2
LF:58
LH:43
BRF:0
BRH:0
end_of_record
TN:
SF:src/identity-managment-subdomain/domain/errors/customErrorMessagesEnum.ts
FN:1,(anonymous_0)
FNF:1
FNH:1
FNDA:8,(anonymous_0)
DA:1,8
DA:2,8
DA:3,8
DA:4,8
DA:5,8
DA:6,8
DA:7,8
DA:8,8
DA:9,8
DA:10,8
DA:11,8
DA:12,8
DA:13,8
DA:14,8
DA:15,8
LF:15
LH:15
BRDA:1,0,0,8
BRDA:1,0,1,8
BRF:2
BRH:2
end_of_record
TN:
SF:src/identity-managment-subdomain/domain/events/AddressChanged.ts
FN:11,(anonymous_1)
FN:16,(anonymous_2)
FN:19,(anonymous_3)
FN:22,(anonymous_4)
FN:25,(anonymous_5)
FNF:5
FNH:0
FNDA:0,(anonymous_1)
FNDA:0,(anonymous_2)
FNDA:0,(anonymous_3)
FNDA:0,(anonymous_4)
FNDA:0,(anonymous_5)
DA:1,2
DA:4,2
DA:7,2
DA:12,0
DA:13,0
DA:14,0
DA:17,0
DA:20,0
DA:23,0
DA:26,0
LF:10
LH:3
BRF:0
BRH:0
end_of_record
TN:
SF:src/identity-managment-subdomain/domain/events/EmailChanged.ts
FN:11,(anonymous_1)
FN:16,(anonymous_2)
FN:19,(anonymous_3)
FN:22,(anonymous_4)
FN:25,(anonymous_5)
FNF:5
FNH:0
FNDA:0,(anonymous_1)
FNDA:0,(anonymous_2)
FNDA:0,(anonymous_3)
FNDA:0,(anonymous_4)
FNDA:0,(anonymous_5)
DA:1,2
DA:4,2
DA:7,2
DA:12,0
DA:13,0
DA:14,0
DA:17,0
DA:20,0
DA:23,0
DA:26,0
LF:10
LH:3
BRF:0
BRH:0
end_of_record
TN:
SF:src/identity-managment-subdomain/domain/events/FullNameChanged.ts
FN:11,(anonymous_1)
FN:16,(anonymous_2)
FN:19,(anonymous_3)
FN:22,(anonymous_4)
FN:25,(anonymous_5)
FNF:5
FNH:0
FNDA:0,(anonymous_1)
FNDA:0,(anonymous_2)
FNDA:0,(anonymous_3)
FNDA:0,(anonymous_4)
FNDA:0,(anonymous_5)
DA:1,2
DA:4,2
DA:7,2
DA:12,0
DA:13,0
DA:14,0
DA:17,0
DA:20,0
DA:23,0
DA:26,0
LF:10
LH:3
BRF:0
BRH:0
end_of_record
TN:
SF:src/identity-managment-subdomain/domain/events/MobileNumberChanged.ts
FN:11,(anonymous_1)
FN:16,(anonymous_2)
FN:19,(anonymous_3)
FN:22,(anonymous_4)
FN:25,(anonymous_5)
FNF:5
FNH:0
FNDA:0,(anonymous_1)
FNDA:0,(anonymous_2)
FNDA:0,(anonymous_3)
FNDA:0,(anonymous_4)
FNDA:0,(anonymous_5)
DA:1,2
DA:4,2
DA:7,2
DA:12,0
DA:13,0
DA:14,0
DA:17,0
DA:20,0
DA:23,0
DA:26,0
LF:10
LH:3
BRF:0
BRH:0
end_of_record
TN:
SF:src/identity-managment-subdomain/domain/events/PasswordChanged.ts
FN:9,(anonymous_1)
FN:14,(anonymous_2)
FN:17,(anonymous_3)
FN:20,(anonymous_4)
FN:23,(anonymous_5)
FNF:5
FNH:0
FNDA:0,(anonymous_1)
FNDA:0,(anonymous_2)
FNDA:0,(anonymous_3)
FNDA:0,(anonymous_4)
FNDA:0,(anonymous_5)
DA:2,2
DA:3,2
DA:5,2
DA:10,0
DA:11,0
DA:12,0
DA:15,0
DA:18,0
DA:21,0
DA:24,0
LF:10
LH:3
BRF:0
BRH:0
end_of_record
TN:
SF:src/identity-managment-subdomain/domain/events/userEventEmitter.ts
FN:5,(anonymous_0)
FN:9,(anonymous_1)
FN:13,(anonymous_2)
FNF:3
FNH:2
FNDA:2,(anonymous_0)
FNDA:2,(anonymous_1)
FNDA:0,(anonymous_2)
DA:1,2
DA:2,2
DA:6,2
DA:10,2
DA:14,0
LF:5
LH:4
BRF:0
BRH:0
end_of_record
TN:
SF:src/identity-managment-subdomain/domain/services/authentication.service.ts
FN:12,(anonymous_11)
FN:15,(anonymous_12)
FN:21,(anonymous_13)
FN:26,(anonymous_15)
FNF:4
FNH:4
FNDA:1,(anonymous_11)
FNDA:1,(anonymous_12)
FNDA:1,(anonymous_13)
FNDA:1,(anonymous_15)
DA:1,1
DA:4,1
DA:5,1
DA:7,1
DA:8,1
DA:12,2
DA:18,1
DA:19,1
DA:22,1
DA:23,1
DA:27,1
DA:29,1
LF:12
LH:12
BRF:0
BRH:0
end_of_record
TN:
SF:src/identity-managment-subdomain/domain/services/hashing.service.ts
FN:7,(anonymous_15)
FN:9,(anonymous_16)
FN:12,(anonymous_17)
FN:16,(anonymous_19)
FNF:4
FNH:3
FNDA:1,(anonymous_15)
FNDA:1,(anonymous_16)
FNDA:1,(anonymous_17)
FNDA:0,(anonymous_19)
DA:1,1
DA:2,1
DA:4,1
DA:7,2
DA:10,1
DA:13,1
DA:17,0
DA:20,1
LF:8
LH:7
BRF:0
BRH:0
end_of_record
TN:
SF:src/identity-managment-subdomain/domain/value-objects/UniqueEntityId.valueObject.ts
FN:10,(anonymous_1)
FN:19,(anonymous_2)
FN:23,(anonymous_3)
FN:27,(anonymous_4)
FN:32,(anonymous_5)
FNF:5
FNH:5
FNDA:8,(anonymous_1)
FNDA:1,(anonymous_2)
FNDA:4,(anonymous_3)
FNDA:6,(anonymous_4)
FNDA:2,(anonymous_5)
DA:2,3
DA:3,3
DA:4,3
DA:5,3
DA:7,3
DA:11,8
DA:12,6
DA:14,2
DA:16,7
DA:20,1
DA:24,4
DA:28,6
DA:29,5
DA:33,2
LF:14
LH:14
BRDA:11,0,0,6
BRDA:11,0,1,2
BRDA:28,1,0,1
BRDA:28,1,1,5
BRF:4
BRH:4
end_of_record
TN:
SF:src/identity-managment-subdomain/domain/value-objects/address.valueObject.ts
FN:14,(anonymous_1)
FN:22,(anonymous_2)
FN:29,(anonymous_3)
FN:33,(anonymous_4)
FN:37,(anonymous_5)
FN:41,(anonymous_6)
FN:45,(anonymous_7)
FN:50,(anonymous_8)
FN:55,(anonymous_9)
FN:60,(anonymous_10)
FNF:10
FNH:10
FNDA:8,(anonymous_1)
FNDA:1,(anonymous_2)
FNDA:1,(anonymous_3)
FNDA:1,(anonymous_4)
FNDA:1,(anonymous_5)
FNDA:1,(anonymous_6)
FNDA:8,(anonymous_7)
FNDA:7,(anonymous_8)
FNDA:6,(anonymous_9)
FNDA:5,(anonymous_10)
DA:2,3
DA:3,3
DA:4,3
DA:5,3
DA:6,3
DA:7,3
DA:15,8
DA:16,7
DA:17,6
DA:18,5
DA:19,3
DA:23,1
DA:30,1
DA:34,1
DA:38,1
DA:42,1
DA:46,8
DA:47,7
DA:51,7
DA:52,6
DA:56,6
DA:57,5
DA:61,5
DA:62,4
DA:63,3
LF:25
LH:25
BRDA:23,0,0,1
BRDA:23,0,1,1
BRDA:23,0,2,1
BRDA:23,0,3,1
BRDA:46,1,0,1
BRDA:46,1,1,7
BRDA:51,2,0,1
BRDA:51,2,1,6
BRDA:56,3,0,1
BRDA:56,3,1,5
BRDA:61,4,0,1
BRDA:61,4,1,4
BRDA:62,5,0,1
BRDA:62,5,1,3
BRF:14
BRH:14
end_of_record
TN:
SF:src/identity-managment-subdomain/domain/value-objects/email.valueObject.ts
FN:8,(anonymous_1)
FN:13,(anonymous_2)
FN:17,(anonymous_3)
FNF:3
FNH:2
FNDA:10,(anonymous_1)
FNDA:2,(anonymous_2)
FNDA:0,(anonymous_3)
DA:2,3
DA:3,3
DA:4,3
DA:9,10
DA:10,7
DA:14,2
DA:18,0
LF:7
LH:6
BRDA:9,0,0,3
BRDA:9,0,1,7
BRF:2
BRH:2
end_of_record
TN:
SF:src/identity-managment-subdomain/domain/value-objects/name.valueObject.ts
FN:10,(anonymous_1)
FN:17,(anonymous_2)
FN:22,(anonymous_3)
FN:23,(anonymous_4)
FN:24,(anonymous_5)
FNF:5
FNH:5
FNDA:12,(anonymous_1)
FNDA:2,(anonymous_2)
FNDA:2,(anonymous_3)
FNDA:1,(anonymous_4)
FNDA:1,(anonymous_5)
DA:2,3
DA:3,3
DA:4,3
DA:5,3
DA:11,12
DA:12,12
DA:13,12
DA:14,10
DA:18,2
DA:19,2
DA:22,2
DA:23,1
DA:24,1
LF:13
LH:13
BRDA:13,0,0,2
BRDA:13,0,1,10
BRDA:14,1,0,2
BRDA:14,1,1,8
BRDA:18,2,0,0
BRDA:18,2,1,2
BRDA:18,3,0,2
BRDA:18,3,1,0
BRDA:19,4,0,2
BRDA:19,4,1,1
BRF:10
BRH:8
end_of_record
TN:
SF:src/identity-managment-subdomain/domain/value-objects/password.valueObject.ts
FN:11,(anonymous_1)
FN:18,(anonymous_2)
FN:23,(anonymous_3)
FN:27,(anonymous_4)
FNF:4
FNH:4
FNDA:8,(anonymous_1)
FNDA:1,(anonymous_2)
FNDA:3,(anonymous_3)
FNDA:7,(anonymous_4)
DA:2,3
DA:3,3
DA:4,3
DA:5,3
DA:6,3
DA:7,3
DA:9,3
DA:12,8
DA:13,8
DA:14,7
DA:15,6
DA:19,1
DA:20,1
DA:24,3
DA:28,7
LF:15
LH:15
BRDA:12,0,0,0
BRDA:12,0,1,8
BRDA:13,1,0,1
BRDA:13,1,1,7
BRDA:14,2,0,1
BRDA:14,2,1,6
BRDA:19,3,0,0
BRDA:19,3,1,1
BRDA:19,4,0,1
BRDA:19,4,1,1
BRDA:28,5,0,6
BRDA:28,5,1,1
BRF:12
BRH:10
end_of_record
TN:
SF:src/identity-managment-subdomain/domain/value-objects/phoneNumber.valueObject.ts
FN:7,(anonymous_1)
FN:12,(anonymous_2)
FN:16,(anonymous_3)
FNF:3
FNH:2
FNDA:6,(anonymous_1)
FNDA:2,(anonymous_2)
FNDA:0,(anonymous_3)
DA:2,3
DA:3,3
DA:4,3
DA:8,6
DA:9,5
DA:13,2
DA:17,0
LF:7
LH:6
BRDA:8,0,0,1
BRDA:8,0,1,5
BRF:2
BRH:2
end_of_record
TN:
SF:src/identity-managment-subdomain/domain/value-objects/exceptions/emptyString.exception.ts
FN:4,(anonymous_0)
FNF:1
FNH:1
FNDA:35,(anonymous_0)
DA:1,7
DA:5,35
DA:6,35
DA:7,35
LF:4
LH:4
BRDA:7,0,0,35
BRDA:7,0,1,0
BRF:2
BRH:1
end_of_record
TN:
SF:src/identity-managment-subdomain/domain/value-objects/exceptions/invalidEmail.exception.ts
FN:4,(anonymous_0)
FNF:1
FNH:1
FNDA:8,(anonymous_0)
DA:1,4
DA:5,8
DA:6,8
DA:7,8
LF:4
LH:4
BRDA:7,0,0,8
BRDA:7,0,1,8
BRF:2
BRH:2
end_of_record
TN:
SF:src/identity-managment-subdomain/domain/value-objects/exceptions/invalidMobileNumber.exception.ts
FN:4,(anonymous_0)
FNF:1
FNH:1
FNDA:4,(anonymous_0)
DA:1,4
DA:5,4
DA:6,4
DA:7,4
LF:4
LH:4
BRDA:7,0,0,4
BRDA:7,0,1,4
BRF:2
BRH:2
end_of_record
TN:
SF:src/identity-managment-subdomain/domain/value-objects/exceptions/invalidPostalCode.exception.ts
FN:4,(anonymous_0)
FNF:1
FNH:1
FNDA:4,(anonymous_0)
DA:1,4
DA:5,4
DA:6,4
DA:7,4
LF:4
LH:4
BRDA:7,0,0,4
BRDA:7,0,1,0
BRF:2
BRH:1
end_of_record
TN:
SF:src/identity-managment-subdomain/domain/value-objects/exceptions/invalidStringLength.exception.ts
FN:4,(anonymous_0)
FNF:1
FNH:1
FNDA:4,(anonymous_0)
DA:1,4
DA:5,4
DA:6,4
DA:7,4
LF:4
LH:4
BRDA:7,0,0,4
BRDA:7,0,1,0
BRF:2
BRH:1
end_of_record
TN:
SF:src/identity-managment-subdomain/domain/value-objects/exceptions/invalidUniqueIdentity.exception.ts
FN:4,(anonymous_0)
FNF:1
FNH:1
FNDA:2,(anonymous_0)
DA:1,3
DA:5,2
DA:6,2
DA:7,2
LF:4
LH:4
BRDA:7,0,0,2
BRDA:7,0,1,0
BRF:2
BRH:1
end_of_record
TN:
SF:src/identity-managment-subdomain/domain/value-objects/exceptions/passwordFormat.exception.ts
FN:4,(anonymous_0)
FNF:1
FNH:1
FNDA:4,(anonymous_0)
DA:1,4
DA:5,4
DA:6,4
DA:7,4
LF:4
LH:4
BRDA:7,0,0,4
BRDA:7,0,1,0
BRF:2
BRH:1
end_of_record
TN:
SF:src/identity-managment-subdomain/infrastructrue/persistance/models/UserDataModel.ts
FN:4,(anonymous_2)
FNF:1
FNH:1
FNDA:1,(anonymous_2)
DA:1,1
DA:4,2
DA:10,1
DA:13,1
DA:16,1
DA:19,1
DA:24,1
DA:30,1
DA:36,1
DA:42,1
DA:48,1
DA:54,1
DA:59,1
DA:64,1
DA:67,1
DA:70,1
DA:72,1
LF:17
LH:17
BRF:0
BRH:0
end_of_record
TN:
SF:src/shared-kernal/DB/dbHandler.ts
FN:8,(anonymous_11)
FN:11,(anonymous_12)
FN:16,(anonymous_13)
FN:25,(anonymous_15)
FN:34,(anonymous_17)
FN:38,(anonymous_18)
FNF:6
FNH:6
FNDA:1,(anonymous_11)
FNDA:1,(anonymous_12)
FNDA:1,(anonymous_13)
FNDA:1,(anonymous_15)
FNDA:3,(anonymous_17)
FNDA:1,(anonymous_18)
DA:1,1
DA:2,1
DA:3,1
DA:4,1
DA:8,2
DA:13,1
DA:17,1
DA:18,1
DA:19,1
DA:21,0
DA:26,1
DA:27,1
DA:28,1
DA:30,0
DA:35,3
DA:39,1
DA:42,1
LF:17
LH:15
BRF:0
BRH:0
end_of_record
TN:
SF:src/shared-kernal/abstract/entity.abstractClass.ts
FN:5,(anonymous_0)
FN:9,(anonymous_1)
FNF:2
FNH:1
FNDA:2,(anonymous_0)
FNDA:0,(anonymous_1)
DA:1,2
DA:3,2
DA:6,2
DA:10,0
LF:4
LH:3
BRF:0
BRH:0
end_of_record
TN:
SF:src/shared-kernal/http-status-codes/ClientErrorsStatusCodes.ts
FN:1,(anonymous_0)
FNF:1
FNH:1
FNDA:1,(anonymous_0)
DA:1,1
DA:2,1
DA:3,1
DA:4,1
DA:5,1
DA:6,1
LF:6
LH:6
BRDA:1,0,0,1
BRDA:1,0,1,1
BRF:2
BRH:2
end_of_record
TN:
SF:src/shared-kernal/ioc/types.ts
FNF:0
FNH:0
DA:2,3
DA:21,3
LF:2
LH:2
BRF:0
BRH:0
end_of_record
